Start testing: Jun 26 16:40 BST
----------------------------------------------------------
1/23 Testing: test1
1/23 Test: test1
Command: "/home/pi/Documents/Projet_Final_Domotique/backend/json-c/tests/test1.test"
Directory: /home/pi/Documents/Projet_Final_Domotique/backend/json-c-build/tests
"test1" start time: Jun 26 16:40 BST
Output:
----------------------------------------------------------
<end of output>
Test time =   0.13 sec
----------------------------------------------------------
Test Passed.
"test1" end time: Jun 26 16:40 BST
"test1" time elapsed: 00:00:00
----------------------------------------------------------

2/23 Testing: test2
2/23 Test: test2
Command: "/home/pi/Documents/Projet_Final_Domotique/backend/json-c/tests/test2.test"
Directory: /home/pi/Documents/Projet_Final_Domotique/backend/json-c-build/tests
"test2" start time: Jun 26 16:40 BST
Output:
----------------------------------------------------------
<end of output>
Test time =   0.10 sec
----------------------------------------------------------
Test Passed.
"test2" end time: Jun 26 16:40 BST
"test2" time elapsed: 00:00:00
----------------------------------------------------------

3/23 Testing: test4
3/23 Test: test4
Command: "/home/pi/Documents/Projet_Final_Domotique/backend/json-c/tests/test4.test"
Directory: /home/pi/Documents/Projet_Final_Domotique/backend/json-c-build/tests
"test4" start time: Jun 26 16:40 BST
Output:
----------------------------------------------------------
<end of output>
Test time =   0.07 sec
----------------------------------------------------------
Test Passed.
"test4" end time: Jun 26 16:40 BST
"test4" time elapsed: 00:00:00
----------------------------------------------------------

4/23 Testing: testReplaceExisting
4/23 Test: testReplaceExisting
Command: "/home/pi/Documents/Projet_Final_Domotique/backend/json-c/tests/testReplaceExisting.test"
Directory: /home/pi/Documents/Projet_Final_Domotique/backend/json-c-build/tests
"testReplaceExisting" start time: Jun 26 16:40 BST
Output:
----------------------------------------------------------
<end of output>
Test time =   0.07 sec
----------------------------------------------------------
Test Passed.
"testReplaceExisting" end time: Jun 26 16:40 BST
"testReplaceExisting" time elapsed: 00:00:00
----------------------------------------------------------

5/23 Testing: test_cast
5/23 Test: test_cast
Command: "/home/pi/Documents/Projet_Final_Domotique/backend/json-c/tests/test_cast.test"
Directory: /home/pi/Documents/Projet_Final_Domotique/backend/json-c-build/tests
"test_cast" start time: Jun 26 16:40 BST
Output:
----------------------------------------------------------
<end of output>
Test time =   0.08 sec
----------------------------------------------------------
Test Passed.
"test_cast" end time: Jun 26 16:40 BST
"test_cast" time elapsed: 00:00:00
----------------------------------------------------------

6/23 Testing: test_charcase
6/23 Test: test_charcase
Command: "/home/pi/Documents/Projet_Final_Domotique/backend/json-c/tests/test_charcase.test"
Directory: /home/pi/Documents/Projet_Final_Domotique/backend/json-c-build/tests
"test_charcase" start time: Jun 26 16:40 BST
Output:
----------------------------------------------------------
<end of output>
Test time =   0.07 sec
----------------------------------------------------------
Test Passed.
"test_charcase" end time: Jun 26 16:40 BST
"test_charcase" time elapsed: 00:00:00
----------------------------------------------------------

7/23 Testing: test_compare
7/23 Test: test_compare
Command: "/home/pi/Documents/Projet_Final_Domotique/backend/json-c/tests/test_compare.test"
Directory: /home/pi/Documents/Projet_Final_Domotique/backend/json-c-build/tests
"test_compare" start time: Jun 26 16:40 BST
Output:
----------------------------------------------------------
<end of output>
Test time =   0.06 sec
----------------------------------------------------------
Test Passed.
"test_compare" end time: Jun 26 16:40 BST
"test_compare" time elapsed: 00:00:00
----------------------------------------------------------

8/23 Testing: test_deep_copy
8/23 Test: test_deep_copy
Command: "/home/pi/Documents/Projet_Final_Domotique/backend/json-c/tests/test_deep_copy.test"
Directory: /home/pi/Documents/Projet_Final_Domotique/backend/json-c-build/tests
"test_deep_copy" start time: Jun 26 16:40 BST
Output:
----------------------------------------------------------
<end of output>
Test time =   0.07 sec
----------------------------------------------------------
Test Passed.
"test_deep_copy" end time: Jun 26 16:40 BST
"test_deep_copy" time elapsed: 00:00:00
----------------------------------------------------------

9/23 Testing: test_double_serializer
9/23 Test: test_double_serializer
Command: "/home/pi/Documents/Projet_Final_Domotique/backend/json-c/tests/test_double_serializer.test"
Directory: /home/pi/Documents/Projet_Final_Domotique/backend/json-c-build/tests
"test_double_serializer" start time: Jun 26 16:40 BST
Output:
----------------------------------------------------------
<end of output>
Test time =   0.06 sec
----------------------------------------------------------
Test Passed.
"test_double_serializer" end time: Jun 26 16:40 BST
"test_double_serializer" time elapsed: 00:00:00
----------------------------------------------------------

10/23 Testing: test_float
10/23 Test: test_float
Command: "/home/pi/Documents/Projet_Final_Domotique/backend/json-c/tests/test_float.test"
Directory: /home/pi/Documents/Projet_Final_Domotique/backend/json-c-build/tests
"test_float" start time: Jun 26 16:40 BST
Output:
----------------------------------------------------------
<end of output>
Test time =   0.08 sec
----------------------------------------------------------
Test Passed.
"test_float" end time: Jun 26 16:40 BST
"test_float" time elapsed: 00:00:00
----------------------------------------------------------

11/23 Testing: test_int_add
11/23 Test: test_int_add
Command: "/home/pi/Documents/Projet_Final_Domotique/backend/json-c/tests/test_int_add.test"
Directory: /home/pi/Documents/Projet_Final_Domotique/backend/json-c-build/tests
"test_int_add" start time: Jun 26 16:40 BST
Output:
----------------------------------------------------------
<end of output>
Test time =   0.07 sec
----------------------------------------------------------
Test Passed.
"test_int_add" end time: Jun 26 16:40 BST
"test_int_add" time elapsed: 00:00:00
----------------------------------------------------------

12/23 Testing: test_locale
12/23 Test: test_locale
Command: "/home/pi/Documents/Projet_Final_Domotique/backend/json-c/tests/test_locale.test"
Directory: /home/pi/Documents/Projet_Final_Domotique/backend/json-c-build/tests
"test_locale" start time: Jun 26 16:40 BST
Output:
----------------------------------------------------------
<end of output>
Test time =   0.08 sec
----------------------------------------------------------
Test Passed.
"test_locale" end time: Jun 26 16:40 BST
"test_locale" time elapsed: 00:00:00
----------------------------------------------------------

13/23 Testing: test_null
13/23 Test: test_null
Command: "/home/pi/Documents/Projet_Final_Domotique/backend/json-c/tests/test_null.test"
Directory: /home/pi/Documents/Projet_Final_Domotique/backend/json-c-build/tests
"test_null" start time: Jun 26 16:40 BST
Output:
----------------------------------------------------------
<end of output>
Test time =   0.07 sec
----------------------------------------------------------
Test Passed.
"test_null" end time: Jun 26 16:40 BST
"test_null" time elapsed: 00:00:00
----------------------------------------------------------

14/23 Testing: test_parse
14/23 Test: test_parse
Command: "/home/pi/Documents/Projet_Final_Domotique/backend/json-c/tests/test_parse.test"
Directory: /home/pi/Documents/Projet_Final_Domotique/backend/json-c-build/tests
"test_parse" start time: Jun 26 16:40 BST
Output:
----------------------------------------------------------
<end of output>
Test time =   0.09 sec
----------------------------------------------------------
Test Passed.
"test_parse" end time: Jun 26 16:40 BST
"test_parse" time elapsed: 00:00:00
----------------------------------------------------------

15/23 Testing: test_parse_int64
15/23 Test: test_parse_int64
Command: "/home/pi/Documents/Projet_Final_Domotique/backend/json-c/tests/test_parse_int64.test"
Directory: /home/pi/Documents/Projet_Final_Domotique/backend/json-c-build/tests
"test_parse_int64" start time: Jun 26 16:40 BST
Output:
----------------------------------------------------------
<end of output>
Test time =   0.07 sec
----------------------------------------------------------
Test Passed.
"test_parse_int64" end time: Jun 26 16:40 BST
"test_parse_int64" time elapsed: 00:00:00
----------------------------------------------------------

16/23 Testing: test_printbuf
16/23 Test: test_printbuf
Command: "/home/pi/Documents/Projet_Final_Domotique/backend/json-c/tests/test_printbuf.test"
Directory: /home/pi/Documents/Projet_Final_Domotique/backend/json-c-build/tests
"test_printbuf" start time: Jun 26 16:40 BST
Output:
----------------------------------------------------------
<end of output>
Test time =   0.05 sec
----------------------------------------------------------
Test Passed.
"test_printbuf" end time: Jun 26 16:40 BST
"test_printbuf" time elapsed: 00:00:00
----------------------------------------------------------

17/23 Testing: test_set_serializer
17/23 Test: test_set_serializer
Command: "/home/pi/Documents/Projet_Final_Domotique/backend/json-c/tests/test_set_serializer.test"
Directory: /home/pi/Documents/Projet_Final_Domotique/backend/json-c-build/tests
"test_set_serializer" start time: Jun 26 16:40 BST
Output:
----------------------------------------------------------
<end of output>
Test time =   0.07 sec
----------------------------------------------------------
Test Passed.
"test_set_serializer" end time: Jun 26 16:40 BST
"test_set_serializer" time elapsed: 00:00:00
----------------------------------------------------------

18/23 Testing: test_set_value
18/23 Test: test_set_value
Command: "/home/pi/Documents/Projet_Final_Domotique/backend/json-c/tests/test_set_value.test"
Directory: /home/pi/Documents/Projet_Final_Domotique/backend/json-c-build/tests
"test_set_value" start time: Jun 26 16:40 BST
Output:
----------------------------------------------------------
12.300000000000001
<end of output>
Test time =   0.08 sec
----------------------------------------------------------
Test Passed.
"test_set_value" end time: Jun 26 16:40 BST
"test_set_value" time elapsed: 00:00:00
----------------------------------------------------------

19/23 Testing: test_strerror
19/23 Test: test_strerror
Command: "/home/pi/Documents/Projet_Final_Domotique/backend/json-c/tests/test_strerror.test"
Directory: /home/pi/Documents/Projet_Final_Domotique/backend/json-c-build/tests
"test_strerror" start time: Jun 26 16:40 BST
Output:
----------------------------------------------------------
<end of output>
Test time =   0.07 sec
----------------------------------------------------------
Test Passed.
"test_strerror" end time: Jun 26 16:40 BST
"test_strerror" time elapsed: 00:00:00
----------------------------------------------------------

20/23 Testing: test_util_file
20/23 Test: test_util_file
Command: "/home/pi/Documents/Projet_Final_Domotique/backend/json-c/tests/test_util_file.test"
Directory: /home/pi/Documents/Projet_Final_Domotique/backend/json-c-build/tests
"test_util_file" start time: Jun 26 16:40 BST
Output:
----------------------------------------------------------
<end of output>
Test time =   0.08 sec
----------------------------------------------------------
Test Passed.
"test_util_file" end time: Jun 26 16:40 BST
"test_util_file" time elapsed: 00:00:00
----------------------------------------------------------

21/23 Testing: test_visit
21/23 Test: test_visit
Command: "/home/pi/Documents/Projet_Final_Domotique/backend/json-c/tests/test_visit.test"
Directory: /home/pi/Documents/Projet_Final_Domotique/backend/json-c-build/tests
"test_visit" start time: Jun 26 16:40 BST
Output:
----------------------------------------------------------
ERROR: invalid return value from json_c_visit userfunc: 100
<end of output>
Test time =   0.07 sec
----------------------------------------------------------
Test Passed.
"test_visit" end time: Jun 26 16:40 BST
"test_visit" time elapsed: 00:00:00
----------------------------------------------------------

22/23 Testing: test_object_iterator
22/23 Test: test_object_iterator
Command: "/home/pi/Documents/Projet_Final_Domotique/backend/json-c/tests/test_object_iterator.test"
Directory: /home/pi/Documents/Projet_Final_Domotique/backend/json-c-build/tests
"test_object_iterator" start time: Jun 26 16:40 BST
Output:
----------------------------------------------------------
<end of output>
Test time =   0.06 sec
----------------------------------------------------------
Test Passed.
"test_object_iterator" end time: Jun 26 16:40 BST
"test_object_iterator" time elapsed: 00:00:00
----------------------------------------------------------

23/23 Testing: test_json_pointer
23/23 Test: test_json_pointer
Command: "/home/pi/Documents/Projet_Final_Domotique/backend/json-c/tests/test_json_pointer.test"
Directory: /home/pi/Documents/Projet_Final_Domotique/backend/json-c-build/tests
"test_json_pointer" start time: Jun 26 16:40 BST
Output:
----------------------------------------------------------
<end of output>
Test time =   0.07 sec
----------------------------------------------------------
Test Passed.
"test_json_pointer" end time: Jun 26 16:40 BST
"test_json_pointer" time elapsed: 00:00:00
----------------------------------------------------------

End testing: Jun 26 16:40 BST
